
AVRASM ver. 2.1.30  C:\Users\samron\Desktop\avrProject\akhari\New folder (2) transmit\Debug\List\vtrans.asm Sun Feb 07 03:28:41 2016

C:\Users\samron\Desktop\avrProject\akhari\New folder (2) transmit\Debug\List\vtrans.asm(1088): warning: Register r4 already defined by the .DEF directive
C:\Users\samron\Desktop\avrProject\akhari\New folder (2) transmit\Debug\List\vtrans.asm(1089): warning: Register r5 already defined by the .DEF directive
C:\Users\samron\Desktop\avrProject\akhari\New folder (2) transmit\Debug\List\vtrans.asm(1090): warning: Register r6 already defined by the .DEF directive
C:\Users\samron\Desktop\avrProject\akhari\New folder (2) transmit\Debug\List\vtrans.asm(1091): warning: Register r7 already defined by the .DEF directive
C:\Users\samron\Desktop\avrProject\akhari\New folder (2) transmit\Debug\List\vtrans.asm(1092): warning: Register r9 already defined by the .DEF directive
C:\Users\samron\Desktop\avrProject\akhari\New folder (2) transmit\Debug\List\vtrans.asm(1093): warning: Register r8 already defined by the .DEF directive
C:\Users\samron\Desktop\avrProject\akhari\New folder (2) transmit\Debug\List\vtrans.asm(1094): warning: Register r11 already defined by the .DEF directive
                 
                 
                 ;CodeVisionAVR C Compiler V3.12 Advanced
                 ;(C) Copyright 1998-2014 Pavel Haiduc, HP InfoTech s.r.l.
                 ;http://www.hpinfotech.com
                 
                 ;Build configuration    : Debug
                 ;Chip type              : ATmega16
                 ;Program type           : Application
                 ;Clock frequency        : 8.000000 MHz
                 ;Memory model           : Small
                 ;Optimize for           : Size
                 ;(s)printf features     : int, width
                 ;(s)scanf features      : int, width
                 ;External RAM size      : 0
                 ;Data Stack size        : 256 byte(s)
                 ;Heap size              : 0 byte(s)
                 ;Promote 'char' to 'int': Yes
                 ;'char' is unsigned     : Yes
                 ;8 bit enums            : Yes
                 ;Global 'const' stored in FLASH: Yes
                 ;Enhanced function parameter passing: Yes
                 ;Enhanced core instructions: On
                 ;Automatic register allocation for global variables: On
                 ;Smart register allocation: On
                 
                 	#define _MODEL_SMALL_
                 
                 	#pragma AVRPART ADMIN PART_NAME ATmega16
                 	#pragma AVRPART MEMORY PROG_FLASH 16384
                 	#pragma AVRPART MEMORY EEPROM 512
                 	#pragma AVRPART MEMORY INT_SRAM SIZE 1024
                 	#pragma AVRPART MEMORY INT_SRAM START_ADDR 0x60
                 
                 	#define CALL_SUPPORTED 1
                 
                 	.LISTMAC
                 	.EQU UDRE=0x5
                 	.EQU RXC=0x7
                 	.EQU USR=0xB
                 	.EQU UDR=0xC
                 	.EQU SPSR=0xE
                 	.EQU SPDR=0xF
                 	.EQU EERE=0x0
                 	.EQU EEWE=0x1
                 	.EQU EEMWE=0x2
                 	.EQU EECR=0x1C
                 	.EQU EEDR=0x1D
                 	.EQU EEARL=0x1E
                 	.EQU EEARH=0x1F
                 	.EQU WDTCR=0x21
                 	.EQU MCUCR=0x35
                 	.EQU GICR=0x3B
                 	.EQU SPL=0x3D
                 	.EQU SPH=0x3E
                 	.EQU SREG=0x3F
                 
                 	.DEF R0X0=R0
                 	.DEF R0X1=R1
                 	.DEF R0X2=R2
                 	.DEF R0X3=R3
                 	.DEF R0X4=R4
                 	.DEF R0X5=R5
                 	.DEF R0X6=R6
                 	.DEF R0X7=R7
                 	.DEF R0X8=R8
                 	.DEF R0X9=R9
                 	.DEF R0XA=R10
                 	.DEF R0XB=R11
                 	.DEF R0XC=R12
                 	.DEF R0XD=R13
                 	.DEF R0XE=R14
                 	.DEF R0XF=R15
                 	.DEF R0X10=R16
                 	.DEF R0X11=R17
                 	.DEF R0X12=R18
                 	.DEF R0X13=R19
                 	.DEF R0X14=R20
                 	.DEF R0X15=R21
                 	.DEF R0X16=R22
                 	.DEF R0X17=R23
                 	.DEF R0X18=R24
                 	.DEF R0X19=R25
                 	.DEF R0X1A=R26
                 	.DEF R0X1B=R27
                 	.DEF R0X1C=R28
                 	.DEF R0X1D=R29
                 	.DEF R0X1E=R30
                 	.DEF R0X1F=R31
                 
                 	.EQU __SRAM_START=0x0060
                 	.EQU __SRAM_END=0x045F
                 	.EQU __DSTACK_SIZE=0x0100
                 	.EQU __HEAP_SIZE=0x0000
                 	.EQU __CLEAR_SRAM_SIZE=__SRAM_END-__SRAM_START+1
                 
                 	.MACRO __CPD1N
                 	CPI  R30,LOW(@0)
                 	LDI  R26,HIGH(@0)
                 	CPC  R31,R26
                 	LDI  R26,BYTE3(@0)
                 	CPC  R22,R26
                 	LDI  R26,BYTE4(@0)
                 	CPC  R23,R26
                 	.ENDM
                 
                 	.MACRO __CPD2N
                 	CPI  R26,LOW(@0)
                 	LDI  R30,HIGH(@0)
                 	CPC  R27,R30
                 	LDI  R30,BYTE3(@0)
                 	CPC  R24,R30
                 	LDI  R30,BYTE4(@0)
                 	CPC  R25,R30
                 	.ENDM
                 
                 	.MACRO __CPWRR
                 	CP   R@0,R@2
                 	CPC  R@1,R@3
                 	.ENDM
                 
                 	.MACRO __CPWRN
                 	CPI  R@0,LOW(@2)
                 	LDI  R30,HIGH(@2)
                 	CPC  R@1,R30
                 	.ENDM
                 
                 	.MACRO __ADDB1MN
                 	SUBI R30,LOW(-@0-(@1))
                 	.ENDM
                 
                 	.MACRO __ADDB2MN
                 	SUBI R26,LOW(-@0-(@1))
                 	.ENDM
                 
                 	.MACRO __ADDW1MN
                 	SUBI R30,LOW(-@0-(@1))
                 	SBCI R31,HIGH(-@0-(@1))
                 	.ENDM
                 
                 	.MACRO __ADDW2MN
                 	SUBI R26,LOW(-@0-(@1))
                 	SBCI R27,HIGH(-@0-(@1))
                 	.ENDM
                 
                 	.MACRO __ADDW1FN
                 	SUBI R30,LOW(-2*@0-(@1))
                 	SBCI R31,HIGH(-2*@0-(@1))
                 	.ENDM
                 
                 	.MACRO __ADDD1FN
                 	SUBI R30,LOW(-2*@0-(@1))
                 	SBCI R31,HIGH(-2*@0-(@1))
                 	SBCI R22,BYTE3(-2*@0-(@1))
                 	.ENDM
                 
                 	.MACRO __ADDD1N
                 	SUBI R30,LOW(-@0)
                 	SBCI R31,HIGH(-@0)
                 	SBCI R22,BYTE3(-@0)
                 	SBCI R23,BYTE4(-@0)
                 	.ENDM
                 
                 	.MACRO __ADDD2N
                 	SUBI R26,LOW(-@0)
                 	SBCI R27,HIGH(-@0)
                 	SBCI R24,BYTE3(-@0)
                 	SBCI R25,BYTE4(-@0)
                 	.ENDM
                 
                 	.MACRO __SUBD1N
                 	SUBI R30,LOW(@0)
                 	SBCI R31,HIGH(@0)
                 	SBCI R22,BYTE3(@0)
                 	SBCI R23,BYTE4(@0)
                 	.ENDM
                 
                 	.MACRO __SUBD2N
                 	SUBI R26,LOW(@0)
                 	SBCI R27,HIGH(@0)
                 	SBCI R24,BYTE3(@0)
                 	SBCI R25,BYTE4(@0)
                 	.ENDM
                 
                 	.MACRO __ANDBMNN
                 	LDS  R30,@0+(@1)
                 	ANDI R30,LOW(@2)
                 	STS  @0+(@1),R30
                 	.ENDM
                 
                 	.MACRO __ANDWMNN
                 	LDS  R30,@0+(@1)
                 	ANDI R30,LOW(@2)
                 	STS  @0+(@1),R30
                 	LDS  R30,@0+(@1)+1
                 	ANDI R30,HIGH(@2)
                 	STS  @0+(@1)+1,R30
                 	.ENDM
                 
                 	.MACRO __ANDD1N
                 	ANDI R30,LOW(@0)
                 	ANDI R31,HIGH(@0)
                 	ANDI R22,BYTE3(@0)
                 	ANDI R23,BYTE4(@0)
                 	.ENDM
                 
                 	.MACRO __ANDD2N
                 	ANDI R26,LOW(@0)
                 	ANDI R27,HIGH(@0)
                 	ANDI R24,BYTE3(@0)
                 	ANDI R25,BYTE4(@0)
                 	.ENDM
                 
                 	.MACRO __ORBMNN
                 	LDS  R30,@0+(@1)
                 	ORI  R30,LOW(@2)
                 	STS  @0+(@1),R30
                 	.ENDM
                 
                 	.MACRO __ORWMNN
                 	LDS  R30,@0+(@1)
                 	ORI  R30,LOW(@2)
                 	STS  @0+(@1),R30
                 	LDS  R30,@0+(@1)+1
                 	ORI  R30,HIGH(@2)
                 	STS  @0+(@1)+1,R30
                 	.ENDM
                 
                 	.MACRO __ORD1N
                 	ORI  R30,LOW(@0)
                 	ORI  R31,HIGH(@0)
                 	ORI  R22,BYTE3(@0)
                 	ORI  R23,BYTE4(@0)
                 	.ENDM
                 
                 	.MACRO __ORD2N
                 	ORI  R26,LOW(@0)
                 	ORI  R27,HIGH(@0)
                 	ORI  R24,BYTE3(@0)
                 	ORI  R25,BYTE4(@0)
                 	.ENDM
                 
                 	.MACRO __DELAY_USB
                 	LDI  R24,LOW(@0)
                 __DELAY_USB_LOOP:
                 	DEC  R24
                 	BRNE __DELAY_USB_LOOP
                 	.ENDM
                 
                 	.MACRO __DELAY_USW
                 	LDI  R24,LOW(@0)
                 	LDI  R25,HIGH(@0)
                 __DELAY_USW_LOOP:
                 	SBIW R24,1
                 	BRNE __DELAY_USW_LOOP
                 	.ENDM
                 
                 	.MACRO __GETD1S
                 	LDD  R30,Y+@0
                 	LDD  R31,Y+@0+1
                 	LDD  R22,Y+@0+2
                 	LDD  R23,Y+@0+3
                 	.ENDM
                 
                 	.MACRO __GETD2S
                 	LDD  R26,Y+@0
                 	LDD  R27,Y+@0+1
                 	LDD  R24,Y+@0+2
                 	LDD  R25,Y+@0+3
                 	.ENDM
                 
                 	.MACRO __PUTD1S
                 	STD  Y+@0,R30
                 	STD  Y+@0+1,R31
                 	STD  Y+@0+2,R22
                 	STD  Y+@0+3,R23
                 	.ENDM
                 
                 	.MACRO __PUTD2S
                 	STD  Y+@0,R26
                 	STD  Y+@0+1,R27
                 	STD  Y+@0+2,R24
                 	STD  Y+@0+3,R25
                 	.ENDM
                 
                 	.MACRO __PUTDZ2
                 	STD  Z+@0,R26
                 	STD  Z+@0+1,R27
                 	STD  Z+@0+2,R24
                 	STD  Z+@0+3,R25
                 	.ENDM
                 
                 	.MACRO __CLRD1S
                 	STD  Y+@0,R30
                 	STD  Y+@0+1,R30
                 	STD  Y+@0+2,R30
                 	STD  Y+@0+3,R30
                 	.ENDM
                 
                 	.MACRO __POINTB1MN
                 	LDI  R30,LOW(@0+(@1))
                 	.ENDM
                 
                 	.MACRO __POINTW1MN
                 	LDI  R30,LOW(@0+(@1))
                 	LDI  R31,HIGH(@0+(@1))
                 	.ENDM
                 
                 	.MACRO __POINTD1M
                 	LDI  R30,LOW(@0)
                 	LDI  R31,HIGH(@0)
                 	LDI  R22,BYTE3(@0)
                 	LDI  R23,BYTE4(@0)
                 	.ENDM
                 
                 	.MACRO __POINTW1FN
                 	LDI  R30,LOW(2*@0+(@1))
                 	LDI  R31,HIGH(2*@0+(@1))
                 	.ENDM
                 
                 	.MACRO __POINTD1FN
                 	LDI  R30,LOW(2*@0+(@1))
                 	LDI  R31,HIGH(2*@0+(@1))
                 	LDI  R22,BYTE3(2*@0+(@1))
                 	LDI  R23,BYTE4(2*@0+(@1))
                 	.ENDM
                 
                 	.MACRO __POINTB2MN
                 	LDI  R26,LOW(@0+(@1))
                 	.ENDM
                 
                 	.MACRO __POINTW2MN
                 	LDI  R26,LOW(@0+(@1))
                 	LDI  R27,HIGH(@0+(@1))
                 	.ENDM
                 
                 	.MACRO __POINTW2FN
                 	LDI  R26,LOW(2*@0+(@1))
                 	LDI  R27,HIGH(2*@0+(@1))
                 	.ENDM
                 
                 	.MACRO __POINTD2FN
                 	LDI  R26,LOW(2*@0+(@1))
                 	LDI  R27,HIGH(2*@0+(@1))
                 	LDI  R24,BYTE3(2*@0+(@1))
                 	LDI  R25,BYTE4(2*@0+(@1))
                 	.ENDM
                 
                 	.MACRO __POINTBRM
                 	LDI  R@0,LOW(@1)
                 	.ENDM
                 
                 	.MACRO __POINTWRM
                 	LDI  R@0,LOW(@2)
                 	LDI  R@1,HIGH(@2)
                 	.ENDM
                 
                 	.MACRO __POINTBRMN
                 	LDI  R@0,LOW(@1+(@2))
                 	.ENDM
                 
                 	.MACRO __POINTWRMN
                 	LDI  R@0,LOW(@2+(@3))
                 	LDI  R@1,HIGH(@2+(@3))
                 	.ENDM
                 
                 	.MACRO __POINTWRFN
                 	LDI  R@0,LOW(@2*2+(@3))
                 	LDI  R@1,HIGH(@2*2+(@3))
                 	.ENDM
                 
                 	.MACRO __GETD1N
                 	LDI  R30,LOW(@0)
                 	LDI  R31,HIGH(@0)
                 	LDI  R22,BYTE3(@0)
                 	LDI  R23,BYTE4(@0)
                 	.ENDM
                 
                 	.MACRO __GETD2N
                 	LDI  R26,LOW(@0)
                 	LDI  R27,HIGH(@0)
                 	LDI  R24,BYTE3(@0)
                 	LDI  R25,BYTE4(@0)
                 	.ENDM
                 
                 	.MACRO __GETB1MN
                 	LDS  R30,@0+(@1)
                 	.ENDM
                 
                 	.MACRO __GETB1HMN
                 	LDS  R31,@0+(@1)
                 	.ENDM
                 
                 	.MACRO __GETW1MN
                 	LDS  R30,@0+(@1)
                 	LDS  R31,@0+(@1)+1
                 	.ENDM
                 
                 	.MACRO __GETD1MN
                 	LDS  R30,@0+(@1)
                 	LDS  R31,@0+(@1)+1
                 	LDS  R22,@0+(@1)+2
                 	LDS  R23,@0+(@1)+3
                 	.ENDM
                 
                 	.MACRO __GETBRMN
                 	LDS  R@0,@1+(@2)
                 	.ENDM
                 
                 	.MACRO __GETWRMN
                 	LDS  R@0,@2+(@3)
                 	LDS  R@1,@2+(@3)+1
                 	.ENDM
                 
                 	.MACRO __GETWRZ
                 	LDD  R@0,Z+@2
                 	LDD  R@1,Z+@2+1
                 	.ENDM
                 
                 	.MACRO __GETD2Z
                 	LDD  R26,Z+@0
                 	LDD  R27,Z+@0+1
                 	LDD  R24,Z+@0+2
                 	LDD  R25,Z+@0+3
                 	.ENDM
                 
                 	.MACRO __GETB2MN
                 	LDS  R26,@0+(@1)
                 	.ENDM
                 
                 	.MACRO __GETW2MN
                 	LDS  R26,@0+(@1)
                 	LDS  R27,@0+(@1)+1
                 	.ENDM
                 
                 	.MACRO __GETD2MN
                 	LDS  R26,@0+(@1)
                 	LDS  R27,@0+(@1)+1
                 	LDS  R24,@0+(@1)+2
                 	LDS  R25,@0+(@1)+3
                 	.ENDM
                 
                 	.MACRO __PUTB1MN
                 	STS  @0+(@1),R30
                 	.ENDM
                 
                 	.MACRO __PUTW1MN
                 	STS  @0+(@1),R30
                 	STS  @0+(@1)+1,R31
                 	.ENDM
                 
                 	.MACRO __PUTD1MN
                 	STS  @0+(@1),R30
                 	STS  @0+(@1)+1,R31
                 	STS  @0+(@1)+2,R22
                 	STS  @0+(@1)+3,R23
                 	.ENDM
                 
                 	.MACRO __PUTB1EN
                 	LDI  R26,LOW(@0+(@1))
                 	LDI  R27,HIGH(@0+(@1))
                 	CALL __EEPROMWRB
                 	.ENDM
                 
                 	.MACRO __PUTW1EN
                 	LDI  R26,LOW(@0+(@1))
                 	LDI  R27,HIGH(@0+(@1))
                 	CALL __EEPROMWRW
                 	.ENDM
                 
                 	.MACRO __PUTD1EN
                 	LDI  R26,LOW(@0+(@1))
                 	LDI  R27,HIGH(@0+(@1))
                 	CALL __EEPROMWRD
                 	.ENDM
                 
                 	.MACRO __PUTBR0MN
                 	STS  @0+(@1),R0
                 	.ENDM
                 
                 	.MACRO __PUTBMRN
                 	STS  @0+(@1),R@2
                 	.ENDM
                 
                 	.MACRO __PUTWMRN
                 	STS  @0+(@1),R@2
                 	STS  @0+(@1)+1,R@3
                 	.ENDM
                 
                 	.MACRO __PUTBZR
                 	STD  Z+@1,R@0
                 	.ENDM
                 
                 	.MACRO __PUTWZR
                 	STD  Z+@2,R@0
                 	STD  Z+@2+1,R@1
                 	.ENDM
                 
                 	.MACRO __GETW1R
                 	MOV  R30,R@0
                 	MOV  R31,R@1
                 	.ENDM
                 
                 	.MACRO __GETW2R
                 	MOV  R26,R@0
                 	MOV  R27,R@1
                 	.ENDM
                 
                 	.MACRO __GETWRN
                 	LDI  R@0,LOW(@2)
                 	LDI  R@1,HIGH(@2)
                 	.ENDM
                 
                 	.MACRO __PUTW1R
                 	MOV  R@0,R30
                 	MOV  R@1,R31
                 	.ENDM
                 
                 	.MACRO __PUTW2R
                 	MOV  R@0,R26
                 	MOV  R@1,R27
                 	.ENDM
                 
                 	.MACRO __ADDWRN
                 	SUBI R@0,LOW(-@2)
                 	SBCI R@1,HIGH(-@2)
                 	.ENDM
                 
                 	.MACRO __ADDWRR
                 	ADD  R@0,R@2
                 	ADC  R@1,R@3
                 	.ENDM
                 
                 	.MACRO __SUBWRN
                 	SUBI R@0,LOW(@2)
                 	SBCI R@1,HIGH(@2)
                 	.ENDM
                 
                 	.MACRO __SUBWRR
                 	SUB  R@0,R@2
                 	SBC  R@1,R@3
                 	.ENDM
                 
                 	.MACRO __ANDWRN
                 	ANDI R@0,LOW(@2)
                 	ANDI R@1,HIGH(@2)
                 	.ENDM
                 
                 	.MACRO __ANDWRR
                 	AND  R@0,R@2
                 	AND  R@1,R@3
                 	.ENDM
                 
                 	.MACRO __ORWRN
                 	ORI  R@0,LOW(@2)
                 	ORI  R@1,HIGH(@2)
                 	.ENDM
                 
                 	.MACRO __ORWRR
                 	OR   R@0,R@2
                 	OR   R@1,R@3
                 	.ENDM
                 
                 	.MACRO __EORWRR
                 	EOR  R@0,R@2
                 	EOR  R@1,R@3
                 	.ENDM
                 
                 	.MACRO __GETWRS
                 	LDD  R@0,Y+@2
                 	LDD  R@1,Y+@2+1
                 	.ENDM
                 
                 	.MACRO __PUTBSR
                 	STD  Y+@1,R@0
                 	.ENDM
                 
                 	.MACRO __PUTWSR
                 	STD  Y+@2,R@0
                 	STD  Y+@2+1,R@1
                 	.ENDM
                 
                 	.MACRO __MOVEWRR
                 	MOV  R@0,R@2
                 	MOV  R@1,R@3
                 	.ENDM
                 
                 	.MACRO __INWR
                 	IN   R@0,@2
                 	IN   R@1,@2+1
                 	.ENDM
                 
                 	.MACRO __OUTWR
                 	OUT  @2+1,R@1
                 	OUT  @2,R@0
                 	.ENDM
                 
                 	.MACRO __CALL1MN
                 	LDS  R30,@0+(@1)
                 	LDS  R31,@0+(@1)+1
                 	ICALL
                 	.ENDM
                 
                 	.MACRO __CALL1FN
                 	LDI  R30,LOW(2*@0+(@1))
                 	LDI  R31,HIGH(2*@0+(@1))
                 	CALL __GETW1PF
                 	ICALL
                 	.ENDM
                 
                 	.MACRO __CALL2EN
                 	PUSH R26
                 	PUSH R27
                 	LDI  R26,LOW(@0+(@1))
                 	LDI  R27,HIGH(@0+(@1))
                 	CALL __EEPROMRDW
                 	POP  R27
                 	POP  R26
                 	ICALL
                 	.ENDM
                 
                 	.MACRO __CALL2EX
                 	SUBI R26,LOW(-@0)
                 	SBCI R27,HIGH(-@0)
                 	CALL __EEPROMRDD
                 	ICALL
                 	.ENDM
                 
                 	.MACRO __GETW1STACK
                 	IN   R30,SPL
                 	IN   R31,SPH
                 	ADIW R30,@0+1
                 	LD   R0,Z+
                 	LD   R31,Z
                 	MOV  R30,R0
                 	.ENDM
                 
                 	.MACRO __GETD1STACK
                 	IN   R30,SPL
                 	IN   R31,SPH
                 	ADIW R30,@0+1
                 	LD   R0,Z+
                 	LD   R1,Z+
                 	LD   R22,Z
                 	MOVW R30,R0
                 	.ENDM
                 
                 	.MACRO __NBST
                 	BST  R@0,@1
                 	IN   R30,SREG
                 	LDI  R31,0x40
                 	EOR  R30,R31
                 	OUT  SREG,R30
                 	.ENDM
                 
                 
                 	.MACRO __PUTB1SN
                 	LDD  R26,Y+@0
                 	LDD  R27,Y+@0+1
                 	SUBI R26,LOW(-@1)
                 	SBCI R27,HIGH(-@1)
                 	ST   X,R30
                 	.ENDM
                 
                 	.MACRO __PUTW1SN
                 	LDD  R26,Y+@0
                 	LDD  R27,Y+@0+1
                 	SUBI R26,LOW(-@1)
                 	SBCI R27,HIGH(-@1)
                 	ST   X+,R30
                 	ST   X,R31
                 	.ENDM
                 
                 	.MACRO __PUTD1SN
                 	LDD  R26,Y+@0
                 	LDD  R27,Y+@0+1
                 	SUBI R26,LOW(-@1)
                 	SBCI R27,HIGH(-@1)
                 	CALL __PUTDP1
                 	.ENDM
                 
                 	.MACRO __PUTB1SNS
                 	LDD  R26,Y+@0
                 	LDD  R27,Y+@0+1
                 	ADIW R26,@1
                 	ST   X,R30
                 	.ENDM
                 
                 	.MACRO __PUTW1SNS
                 	LDD  R26,Y+@0
                 	LDD  R27,Y+@0+1
                 	ADIW R26,@1
                 	ST   X+,R30
                 	ST   X,R31
                 	.ENDM
                 
                 	.MACRO __PUTD1SNS
                 	LDD  R26,Y+@0
                 	LDD  R27,Y+@0+1
                 	ADIW R26,@1
                 	CALL __PUTDP1
                 	.ENDM
                 
                 	.MACRO __PUTB1PMN
                 	LDS  R26,@0
                 	LDS  R27,@0+1
                 	SUBI R26,LOW(-@1)
                 	SBCI R27,HIGH(-@1)
                 	ST   X,R30
                 	.ENDM
                 
                 	.MACRO __PUTW1PMN
                 	LDS  R26,@0
                 	LDS  R27,@0+1
                 	SUBI R26,LOW(-@1)
                 	SBCI R27,HIGH(-@1)
                 	ST   X+,R30
                 	ST   X,R31
                 	.ENDM
                 
                 	.MACRO __PUTD1PMN
                 	LDS  R26,@0
                 	LDS  R27,@0+1
                 	SUBI R26,LOW(-@1)
                 	SBCI R27,HIGH(-@1)
                 	CALL __PUTDP1
                 	.ENDM
                 
                 	.MACRO __PUTB1PMNS
                 	LDS  R26,@0
                 	LDS  R27,@0+1
                 	ADIW R26,@1
                 	ST   X,R30
                 	.ENDM
                 
                 	.MACRO __PUTW1PMNS
                 	LDS  R26,@0
                 	LDS  R27,@0+1
                 	ADIW R26,@1
                 	ST   X+,R30
                 	ST   X,R31
                 	.ENDM
                 
                 	.MACRO __PUTD1PMNS
                 	LDS  R26,@0
                 	LDS  R27,@0+1
                 	ADIW R26,@1
                 	CALL __PUTDP1
                 	.ENDM
                 
                 	.MACRO __PUTB1RN
                 	MOVW R26,R@0
                 	SUBI R26,LOW(-@1)
                 	SBCI R27,HIGH(-@1)
                 	ST   X,R30
                 	.ENDM
                 
                 	.MACRO __PUTW1RN
                 	MOVW R26,R@0
                 	SUBI R26,LOW(-@1)
                 	SBCI R27,HIGH(-@1)
                 	ST   X+,R30
                 	ST   X,R31
                 	.ENDM
                 
                 	.MACRO __PUTD1RN
                 	MOVW R26,R@0
                 	SUBI R26,LOW(-@1)
                 	SBCI R27,HIGH(-@1)
                 	CALL __PUTDP1
                 	.ENDM
                 
                 	.MACRO __PUTB1RNS
                 	MOVW R26,R@0
                 	ADIW R26,@1
                 	ST   X,R30
                 	.ENDM
                 
                 	.MACRO __PUTW1RNS
                 	MOVW R26,R@0
                 	ADIW R26,@1
                 	ST   X+,R30
                 	ST   X,R31
                 	.ENDM
                 
                 	.MACRO __PUTD1RNS
                 	MOVW R26,R@0
                 	ADIW R26,@1
                 	CALL __PUTDP1
                 	.ENDM
                 
                 	.MACRO __PUTB1RON
                 	MOV  R26,R@0
                 	MOV  R27,R@1
                 	SUBI R26,LOW(-@2)
                 	SBCI R27,HIGH(-@2)
                 	ST   X,R30
                 	.ENDM
                 
                 	.MACRO __PUTW1RON
                 	MOV  R26,R@0
                 	MOV  R27,R@1
                 	SUBI R26,LOW(-@2)
                 	SBCI R27,HIGH(-@2)
                 	ST   X+,R30
                 	ST   X,R31
                 	.ENDM
                 
                 	.MACRO __PUTD1RON
                 	MOV  R26,R@0
                 	MOV  R27,R@1
                 	SUBI R26,LOW(-@2)
                 	SBCI R27,HIGH(-@2)
                 	CALL __PUTDP1
                 	.ENDM
                 
                 	.MACRO __PUTB1RONS
                 	MOV  R26,R@0
                 	MOV  R27,R@1
                 	ADIW R26,@2
                 	ST   X,R30
                 	.ENDM
                 
                 	.MACRO __PUTW1RONS
                 	MOV  R26,R@0
                 	MOV  R27,R@1
                 	ADIW R26,@2
                 	ST   X+,R30
                 	ST   X,R31
                 	.ENDM
                 
                 	.MACRO __PUTD1RONS
                 	MOV  R26,R@0
                 	MOV  R27,R@1
                 	ADIW R26,@2
                 	CALL __PUTDP1
                 	.ENDM
                 
                 
                 	.MACRO __GETB1SX
                 	MOVW R30,R28
                 	SUBI R30,LOW(-@0)
                 	SBCI R31,HIGH(-@0)
                 	LD   R30,Z
                 	.ENDM
                 
                 	.MACRO __GETB1HSX
                 	MOVW R30,R28
                 	SUBI R30,LOW(-@0)
                 	SBCI R31,HIGH(-@0)
                 	LD   R31,Z
                 	.ENDM
                 
                 	.MACRO __GETW1SX
                 	MOVW R30,R28
                 	SUBI R30,LOW(-@0)
                 	SBCI R31,HIGH(-@0)
                 	LD   R0,Z+
                 	LD   R31,Z
                 	MOV  R30,R0
                 	.ENDM
                 
                 	.MACRO __GETD1SX
                 	MOVW R30,R28
                 	SUBI R30,LOW(-@0)
                 	SBCI R31,HIGH(-@0)
                 	LD   R0,Z+
                 	LD   R1,Z+
                 	LD   R22,Z+
                 	LD   R23,Z
                 	MOVW R30,R0
                 	.ENDM
                 
                 	.MACRO __GETB2SX
                 	MOVW R26,R28
                 	SUBI R26,LOW(-@0)
                 	SBCI R27,HIGH(-@0)
                 	LD   R26,X
                 	.ENDM
                 
                 	.MACRO __GETW2SX
                 	MOVW R26,R28
                 	SUBI R26,LOW(-@0)
                 	SBCI R27,HIGH(-@0)
                 	LD   R0,X+
                 	LD   R27,X
                 	MOV  R26,R0
                 	.ENDM
                 
                 	.MACRO __GETD2SX
                 	MOVW R26,R28
                 	SUBI R26,LOW(-@0)
                 	SBCI R27,HIGH(-@0)
                 	LD   R0,X+
                 	LD   R1,X+
                 	LD   R24,X+
                 	LD   R25,X
                 	MOVW R26,R0
                 	.ENDM
                 
                 	.MACRO __GETBRSX
                 	MOVW R30,R28
                 	SUBI R30,LOW(-@1)
                 	SBCI R31,HIGH(-@1)
                 	LD   R@0,Z
                 	.ENDM
                 
                 	.MACRO __GETWRSX
                 	MOVW R30,R28
                 	SUBI R30,LOW(-@2)
                 	SBCI R31,HIGH(-@2)
                 	LD   R@0,Z+
                 	LD   R@1,Z
                 	.ENDM
                 
                 	.MACRO __GETBRSX2
                 	MOVW R26,R28
                 	SUBI R26,LOW(-@1)
                 	SBCI R27,HIGH(-@1)
                 	LD   R@0,X
                 	.ENDM
                 
                 	.MACRO __GETWRSX2
                 	MOVW R26,R28
                 	SUBI R26,LOW(-@2)
                 	SBCI R27,HIGH(-@2)
                 	LD   R@0,X+
                 	LD   R@1,X
                 	.ENDM
                 
                 	.MACRO __LSLW8SX
                 	MOVW R30,R28
                 	SUBI R30,LOW(-@0)
                 	SBCI R31,HIGH(-@0)
                 	LD   R31,Z
                 	CLR  R30
                 	.ENDM
                 
                 	.MACRO __PUTB1SX
                 	MOVW R26,R28
                 	SUBI R26,LOW(-@0)
                 	SBCI R27,HIGH(-@0)
                 	ST   X,R30
                 	.ENDM
                 
                 	.MACRO __PUTW1SX
                 	MOVW R26,R28
                 	SUBI R26,LOW(-@0)
                 	SBCI R27,HIGH(-@0)
                 	ST   X+,R30
                 	ST   X,R31
                 	.ENDM
                 
                 	.MACRO __PUTD1SX
                 	MOVW R26,R28
                 	SUBI R26,LOW(-@0)
                 	SBCI R27,HIGH(-@0)
                 	ST   X+,R30
                 	ST   X+,R31
                 	ST   X+,R22
                 	ST   X,R23
                 	.ENDM
                 
                 	.MACRO __CLRW1SX
                 	MOVW R26,R28
                 	SUBI R26,LOW(-@0)
                 	SBCI R27,HIGH(-@0)
                 	ST   X+,R30
                 	ST   X,R30
                 	.ENDM
                 
                 	.MACRO __CLRD1SX
                 	MOVW R26,R28
                 	SUBI R26,LOW(-@0)
                 	SBCI R27,HIGH(-@0)
                 	ST   X+,R30
                 	ST   X+,R30
                 	ST   X+,R30
                 	ST   X,R30
                 	.ENDM
                 
                 	.MACRO __PUTB2SX
                 	MOVW R30,R28
                 	SUBI R30,LOW(-@0)
                 	SBCI R31,HIGH(-@0)
                 	ST   Z,R26
                 	.ENDM
                 
                 	.MACRO __PUTW2SX
                 	MOVW R30,R28
                 	SUBI R30,LOW(-@0)
                 	SBCI R31,HIGH(-@0)
                 	ST   Z+,R26
                 	ST   Z,R27
                 	.ENDM
                 
                 	.MACRO __PUTD2SX
                 	MOVW R30,R28
                 	SUBI R30,LOW(-@0)
                 	SBCI R31,HIGH(-@0)
                 	ST   Z+,R26
                 	ST   Z+,R27
                 	ST   Z+,R24
                 	ST   Z,R25
                 	.ENDM
                 
                 	.MACRO __PUTBSRX
                 	MOVW R30,R28
                 	SUBI R30,LOW(-@1)
                 	SBCI R31,HIGH(-@1)
                 	ST   Z,R@0
                 	.ENDM
                 
                 	.MACRO __PUTWSRX
                 	MOVW R30,R28
                 	SUBI R30,LOW(-@2)
                 	SBCI R31,HIGH(-@2)
                 	ST   Z+,R@0
                 	ST   Z,R@1
                 	.ENDM
                 
                 	.MACRO __PUTB1SNX
                 	MOVW R26,R28
                 	SUBI R26,LOW(-@0)
                 	SBCI R27,HIGH(-@0)
                 	LD   R0,X+
                 	LD   R27,X
                 	MOV  R26,R0
                 	SUBI R26,LOW(-@1)
                 	SBCI R27,HIGH(-@1)
                 	ST   X,R30
                 	.ENDM
                 
                 	.MACRO __PUTW1SNX
                 	MOVW R26,R28
                 	SUBI R26,LOW(-@0)
                 	SBCI R27,HIGH(-@0)
                 	LD   R0,X+
                 	LD   R27,X
                 	MOV  R26,R0
                 	SUBI R26,LOW(-@1)
                 	SBCI R27,HIGH(-@1)
                 	ST   X+,R30
                 	ST   X,R31
                 	.ENDM
                 
                 	.MACRO __PUTD1SNX
                 	MOVW R26,R28
                 	SUBI R26,LOW(-@0)
                 	SBCI R27,HIGH(-@0)
                 	LD   R0,X+
                 	LD   R27,X
                 	MOV  R26,R0
                 	SUBI R26,LOW(-@1)
                 	SBCI R27,HIGH(-@1)
                 	ST   X+,R30
                 	ST   X+,R31
                 	ST   X+,R22
                 	ST   X,R23
                 	.ENDM
                 
                 	.MACRO __MULBRR
                 	MULS R@0,R@1
                 	MOVW R30,R0
                 	.ENDM
                 
                 	.MACRO __MULBRRU
                 	MUL  R@0,R@1
                 	MOVW R30,R0
                 	.ENDM
                 
                 	.MACRO __MULBRR0
                 	MULS R@0,R@1
                 	.ENDM
                 
                 	.MACRO __MULBRRU0
                 	MUL  R@0,R@1
                 	.ENDM
                 
                 	.MACRO __MULBNWRU
                 	LDI  R26,@2
                 	MUL  R26,R@0
                 	MOVW R30,R0
                 	MUL  R26,R@1
                 	ADD  R31,R0
                 	.ENDM
                 
                 ;NAME DEFINITIONS FOR GLOBAL VARIABLES ALLOCATED TO REGISTERS
                 	.DEF _i=R4
                 	.DEF _i_msb=R5
                 	.DEF _counter=R6
                 	.DEF _counter_msb=R7
                 	.DEF __lcd_x=R9
                 	.DEF __lcd_y=R8
                 	.DEF __lcd_maxx=R11
                 
                 	.CSEG
                 	.ORG 0x00
                 
                 ;START OF CODE MARKER
                 __START_OF_CODE:
                 
                 ;INTERRUPT VECTORS
000000 940c 0051 	JMP  __RESET
000002 940c 007e 	JMP  _ext_int0_isr
000004 940c 0000 	JMP  0x00
000006 940c 0000 	JMP  0x00
000008 940c 0000 	JMP  0x00
00000a 940c 0000 	JMP  0x00
00000c 940c 0000 	JMP  0x00
00000e 940c 0000 	JMP  0x00
000010 940c 0000 	JMP  0x00
000012 940c 0000 	JMP  0x00
000014 940c 0000 	JMP  0x00
000016 940c 0000 	JMP  0x00
000018 940c 0000 	JMP  0x00
00001a 940c 0000 	JMP  0x00
00001c 940c 0000 	JMP  0x00
00001e 940c 0000 	JMP  0x00
000020 940c 0000 	JMP  0x00
000022 940c 0000 	JMP  0x00
000024 940c 0000 	JMP  0x00
000026 940c 0000 	JMP  0x00
000028 940c 0000 	JMP  0x00
                 
                 _tbl10_G101:
00002a 2710
00002b 03e8
00002c 0064
00002d 000a      	.DB  0x10,0x27,0xE8,0x3,0x64,0x0,0xA,0x0
00002e 0001      	.DB  0x1,0x0
                 _tbl16_G101:
00002f 1000
000030 0100
000031 0010
000032 0001      	.DB  0x0,0x10,0x0,0x1,0x10,0x0,0x1,0x0
                 
                 ;GLOBAL REGISTER VARIABLES INITIALIZATION
                 __REG_VARS:
000033 0000
000034 0000      	.DB  0x0,0x0,0x0,0x0
                 
                 _0x3:
000035 6548
000036 6c6c
C:\Users\samron\Desktop\avrProject\akhari\New folder (2) transmit\Debug\List\vtrans.asm(1136): warning: .cseg .db misalignment - padding zero byte
000037 006f      	.DB  0x48,0x65,0x6C,0x6C,0x6F
                 _0x0:
000038 0030
000039 0031      	.DB  0x30,0x0,0x31,0x0
                 _0x2000060:
C:\Users\samron\Desktop\avrProject\akhari\New folder (2) transmit\Debug\List\vtrans.asm(1140): warning: .cseg .db misalignment - padding zero byte
00003a 0001      	.DB  0x1
                 _0x2000000:
00003b 4e2d
00003c 4e41
00003d 4900
00003e 464e      	.DB  0x2D,0x4E,0x41,0x4E,0x0,0x49,0x4E,0x46
C:\Users\samron\Desktop\avrProject\akhari\New folder (2) transmit\Debug\List\vtrans.asm(1143): warning: .cseg .db misalignment - padding zero byte
00003f 0000      	.DB  0x0
                 _0x2040003:
000040 c080      	.DB  0x80,0xC0
                 
                 __GLOBAL_INI_TBL:
000041 0004      	.DW  0x04
000042 0004      	.DW  0x04
000043 0066      	.DW  __REG_VARS*2
                 
000044 0002      	.DW  0x02
000045 0160      	.DW  _0x26
000046 0070      	.DW  _0x0*2
                 
000047 0002      	.DW  0x02
000048 0162      	.DW  _0x26+2
000049 0072      	.DW  _0x0*2+2
                 
00004a 0001      	.DW  0x01
00004b 0165      	.DW  __seed_G100
00004c 0074      	.DW  _0x2000060*2
                 
00004d 0002      	.DW  0x02
00004e 0169      	.DW  __base_y_G102
00004f 0080      	.DW  _0x2040003*2
                 
                 _0xFFFFFFFF:
000050 0000      	.DW  0
                 
                 #define __GLOBAL_INI_TBL_PRESENT 1
                 
                 __RESET:
000051 94f8      	CLI
000052 27ee      	CLR  R30
000053 bbec      	OUT  EECR,R30
                 
                 ;INTERRUPT VECTORS ARE PLACED
                 ;AT THE START OF FLASH
000054 e0f1      	LDI  R31,1
000055 bffb      	OUT  GICR,R31
000056 bfeb      	OUT  GICR,R30
000057 bfe5      	OUT  MCUCR,R30
                 
                 ;CLEAR R2-R14
000058 e08d      	LDI  R24,(14-2)+1
000059 e0a2      	LDI  R26,2
00005a 27bb      	CLR  R27
                 __CLEAR_REG:
00005b 93ed      	ST   X+,R30
00005c 958a      	DEC  R24
00005d f7e9      	BRNE __CLEAR_REG
                 
                 ;CLEAR SRAM
00005e e080      	LDI  R24,LOW(__CLEAR_SRAM_SIZE)
00005f e094      	LDI  R25,HIGH(__CLEAR_SRAM_SIZE)
000060 e6a0      	LDI  R26,__SRAM_START
                 __CLEAR_SRAM:
000061 93ed      	ST   X+,R30
000062 9701      	SBIW R24,1
000063 f7e9      	BRNE __CLEAR_SRAM
                 
                 ;GLOBAL VARIABLES INITIALIZATION
000064 e8e2      	LDI  R30,LOW(__GLOBAL_INI_TBL*2)
000065 e0f0      	LDI  R31,HIGH(__GLOBAL_INI_TBL*2)
                 __GLOBAL_INI_NEXT:
000066 9185      	LPM  R24,Z+
000067 9195      	LPM  R25,Z+
000068 9700      	SBIW R24,0
000069 f061      	BREQ __GLOBAL_INI_END
00006a 91a5      	LPM  R26,Z+
00006b 91b5      	LPM  R27,Z+
00006c 9005      	LPM  R0,Z+
00006d 9015      	LPM  R1,Z+
00006e 01bf      	MOVW R22,R30
00006f 01f0      	MOVW R30,R0
                 __GLOBAL_INI_LOOP:
000070 9005      	LPM  R0,Z+
000071 920d      	ST   X+,R0
000072 9701      	SBIW R24,1
000073 f7e1      	BRNE __GLOBAL_INI_LOOP
000074 01fb      	MOVW R30,R22
000075 cff0      	RJMP __GLOBAL_INI_NEXT
                 __GLOBAL_INI_END:
                 
                 ;HARDWARE STACK POINTER INITIALIZATION
000076 e5ef      	LDI  R30,LOW(__SRAM_END-__HEAP_SIZE)
000077 bfed      	OUT  SPL,R30
000078 e0e4      	LDI  R30,HIGH(__SRAM_END-__HEAP_SIZE)
000079 bfee      	OUT  SPH,R30
                 
                 ;DATA STACK POINTER INITIALIZATION
00007a e6c0      	LDI  R28,LOW(__SRAM_START+__DSTACK_SIZE)
00007b e0d1      	LDI  R29,HIGH(__SRAM_START+__DSTACK_SIZE)
                 
00007c 940c 00c1 	JMP  _main
                 
                 	.ESEG
                 	.ORG 0
                 
                 	.DSEG
                 	.ORG 0x160
                 
                 	.CSEG
                 ;/*******************************************************
                 ;This program was created by the
                 ;CodeWizardAVR V3.12 Advanced
                 ;Automatic Program Generator
                 ;© Copyright 1998-2014 Pavel Haiduc, HP InfoTech s.r.l.
                 ;http://www.hpinfotech.com
                 ;
                 ;Project :
                 ;Version :
                 ;Date    : 2/7/2016
                 ;Author  :
                 ;Company :
                 ;Comments:
                 ;
                 ;
                 ;Chip type               : ATmega16
                 ;Program type            : Application
                 ;AVR Core Clock frequency: 8.000000 MHz
                 ;Memory model            : Small
                 ;External RAM size       : 0
                 ;Data Stack size         : 256
                 ;*******************************************************/
                 ;
                 ;#include <mega16.h>
                 	#ifndef __SLEEP_DEFINED__
                 	#define __SLEEP_DEFINED__
                 	.EQU __se_bit=0x40
                 	.EQU __sm_mask=0xB0
                 	.EQU __sm_powerdown=0x20
                 	.EQU __sm_powersave=0x30
                 	.EQU __sm_standby=0xA0
                 	.EQU __sm_ext_standby=0xB0
                 	.EQU __sm_adc_noise_red=0x10
                 	.SET power_ctrl_reg=mcucr
                 	#endif
                 ;#include <delay.h>
                 ;#include <stdlib.h>
                 ;#include <stdio.h>
                 ;// Alphanumeric LCD functions
                 ;#include <alcd.h>
                 ;
                 ;// Declare your global variables here
                 ;int i = 0;
                 ;char str[] = "Hello";
                 
                 	.DSEG
                 ;
                 ;int counter = 0;
                 ;char myArray[];
                 ;// External Interrupt 0 service routine
                 ;interrupt [EXT_INT0] void ext_int0_isr(void)
                 ; 0000 0027 {
                 
                 	.CSEG
                 _ext_int0_isr:
                 ; .FSTART _ext_int0_isr
00007e 920a      	ST   -Y,R0
00007f 921a      	ST   -Y,R1
000080 92fa      	ST   -Y,R15
000081 936a      	ST   -Y,R22
000082 937a      	ST   -Y,R23
000083 938a      	ST   -Y,R24
000084 939a      	ST   -Y,R25
000085 93aa      	ST   -Y,R26
000086 93ba      	ST   -Y,R27
000087 93ea      	ST   -Y,R30
000088 93fa      	ST   -Y,R31
000089 b7ef      	IN   R30,SREG
00008a 93ea      	ST   -Y,R30
                 ; 0000 0028     delay_ms(10);
00008b e0aa      	LDI  R26,LOW(10)
00008c e0b0      	LDI  R27,0
00008d 940e 01b9 	CALL _delay_ms
                 ; 0000 0029     for(i=0;i<counter;i++){
00008f 2444      	CLR  R4
000090 2455      	CLR  R5
                 _0x5:
                +
000091 1446     +CP R4 , R6
000092 0457     +CPC R5 , R7
                 	__CPWRR 4,5,6,7
000093 f4fc      	BRGE _0x6
                 ; 0000 002A         if(myArray[i]=='0'){
000094 e6a4      	LDI  R26,LOW(_myArray)
000095 e0b1      	LDI  R27,HIGH(_myArray)
000096 0da4      	ADD  R26,R4
000097 1db5      	ADC  R27,R5
000098 91ac      	LD   R26,X
000099 33a0      	CPI  R26,LOW(0x30)
00009a f419      	BRNE _0x7
                 ; 0000 002B             PORTB.0=1;
00009b 9ac0      	SBI  0x18,0
                 ; 0000 002C             delay_ms(70);
00009c e4a6      	LDI  R26,LOW(70)
00009d c009      	RJMP _0x29
                 ; 0000 002D             PORTB.0=0;         ////////////////////////////////////  0 = 180
                 ; 0000 002E             delay_ms(2);
                 ; 0000 002F         }else if(myArray[i]=='1'){
                 _0x7:
00009e e6a4      	LDI  R26,LOW(_myArray)
00009f e0b1      	LDI  R27,HIGH(_myArray)
0000a0 0da4      	ADD  R26,R4
0000a1 1db5      	ADC  R27,R5
0000a2 91ac      	LD   R26,X
0000a3 33a1      	CPI  R26,LOW(0x31)
0000a4 f451      	BRNE _0xD
                 ; 0000 0030             PORTB.0=1;
0000a5 9ac0      	SBI  0x18,0
                 ; 0000 0031             delay_ms(20);
0000a6 e1a4      	LDI  R26,LOW(20)
                 _0x29:
0000a7 e0b0      	LDI  R27,0
0000a8 940e 01b9 	CALL _delay_ms
                 ; 0000 0032             PORTB.0=0;         ////////////////////////////////////  1 = 142
0000aa 98c0      	CBI  0x18,0
                 ; 0000 0033             delay_ms(2);
0000ab e0a2      	LDI  R26,LOW(2)
0000ac e0b0      	LDI  R27,0
0000ad 940e 01b9 	CALL _delay_ms
                 ; 0000 0034         }
                 ; 0000 0035     }
                 _0xD:
0000af 01f2      	MOVW R30,R4
0000b0 9631      	ADIW R30,1
0000b1 012f      	MOVW R4,R30
0000b2 cfde      	RJMP _0x5
                 _0x6:
                 ; 0000 0036 
                 ; 0000 0037 
                 ; 0000 0038 
                 ; 0000 0039 
                 ; 0000 003A //            PORTB.0=1;
                 ; 0000 003B //            delay_ms(70);
                 ; 0000 003C //            PORTB.0=0;         ////////////////////////////////////  0 = 180
                 ; 0000 003D //
                 ; 0000 003E //            delay_ms(2);
                 ; 0000 003F //
                 ; 0000 0040 //            PORTB.0=1;
                 ; 0000 0041 //            delay_ms(70);
                 ; 0000 0042 //            PORTB.0=0;         ////////////////////////////////////  0 = 180
                 ; 0000 0043 //
                 ; 0000 0044 //            delay_ms(2);
                 ; 0000 0045 //
                 ; 0000 0046 //            PORTB.0=1;
                 ; 0000 0047 //            delay_ms(20);
                 ; 0000 0048 //            PORTB.0=0;         ////////////////////////////////////  1 = 142
                 ; 0000 0049 
                 ; 0000 004A 
                 ; 0000 004B 
                 ; 0000 004C 
                 ; 0000 004D 
                 ; 0000 004E 
                 ; 0000 004F 
                 ; 0000 0050 
                 ; 0000 0051 
                 ; 0000 0052 
                 ; 0000 0053 
                 ; 0000 0054 
                 ; 0000 0055 
                 ; 0000 0056 
                 ; 0000 0057     //lcd_puts("hi");
                 ; 0000 0058 
                 ; 0000 0059 }
0000b3 91e9      	LD   R30,Y+
0000b4 bfef      	OUT  SREG,R30
0000b5 91f9      	LD   R31,Y+
0000b6 91e9      	LD   R30,Y+
0000b7 91b9      	LD   R27,Y+
0000b8 91a9      	LD   R26,Y+
0000b9 9199      	LD   R25,Y+
0000ba 9189      	LD   R24,Y+
0000bb 9179      	LD   R23,Y+
0000bc 9169      	LD   R22,Y+
0000bd 90f9      	LD   R15,Y+
0000be 9019      	LD   R1,Y+
0000bf 9009      	LD   R0,Y+
0000c0 9518      	RETI
                 ; .FEND
                 ;
                 ;void main(void)
                 ; 0000 005C {
                 _main:
                 ; .FSTART _main
                 ; 0000 005D 
                 ; 0000 005E 
                 ; 0000 005F 
                 ; 0000 0060 
                 ; 0000 0061 // Declare your local variables here
                 ; 0000 0062 
                 ; 0000 0063 // Input/Output Ports initialization
                 ; 0000 0064 // Port A initialization
                 ; 0000 0065 // Function: Bit7=In Bit6=In Bit5=In Bit4=In Bit3=In Bit2=In Bit1=In Bit0=In
                 ; 0000 0066 DDRA=(0<<DDA7) | (0<<DDA6) | (0<<DDA5) | (0<<DDA4) | (0<<DDA3) | (0<<DDA2) | (0<<DDA1) | (0<<DDA0);
0000c1 e0e0      	LDI  R30,LOW(0)
0000c2 bbea      	OUT  0x1A,R30
                 ; 0000 0067 // State: Bit7=T Bit6=T Bit5=T Bit4=T Bit3=T Bit2=T Bit1=T Bit0=T
                 ; 0000 0068 PORTA=(0<<PORTA7) | (0<<PORTA6) | (0<<PORTA5) | (0<<PORTA4) | (0<<PORTA3) | (0<<PORTA2) | (0<<PORTA1) | (0<<PORTA0);
0000c3 bbeb      	OUT  0x1B,R30
                 ; 0000 0069 
                 ; 0000 006A // Port B initialization
                 ; 0000 006B // Function: Bit7=In Bit6=In Bit5=In Bit4=In Bit3=In Bit2=In Bit1=In Bit0=In
                 ; 0000 006C DDRB=(0<<DDB7) | (0<<DDB6) | (0<<DDB5) | (0<<DDB4) | (0<<DDB3) | (0<<DDB2) | (0<<DDB1) | (0<<DDB0);
0000c4 bbe7      	OUT  0x17,R30
                 ; 0000 006D // State: Bit7=T Bit6=T Bit5=T Bit4=T Bit3=T Bit2=T Bit1=T Bit0=T
                 ; 0000 006E PORTB=(0<<PORTB7) | (0<<PORTB6) | (0<<PORTB5) | (0<<PORTB4) | (0<<PORTB3) | (0<<PORTB2) | (0<<PORTB1) | (0<<PORTB0);
0000c5 bbe8      	OUT  0x18,R30
                 ; 0000 006F 
                 ; 0000 0070 // Port C initialization
                 ; 0000 0071 // Function: Bit7=In Bit6=In Bit5=In Bit4=In Bit3=In Bit2=In Bit1=In Bit0=In
                 ; 0000 0072 DDRC=(0<<DDC7) | (0<<DDC6) | (0<<DDC5) | (0<<DDC4) | (0<<DDC3) | (0<<DDC2) | (0<<DDC1) | (0<<DDC0);
0000c6 bbe4      	OUT  0x14,R30
                 ; 0000 0073 // State: Bit7=T Bit6=T Bit5=T Bit4=T Bit3=T Bit2=T Bit1=T Bit0=T
                 ; 0000 0074 PORTC=(0<<PORTC7) | (0<<PORTC6) | (0<<PORTC5) | (0<<PORTC4) | (0<<PORTC3) | (0<<PORTC2) | (0<<PORTC1) | (0<<PORTC0);
0000c7 bbe5      	OUT  0x15,R30
                 ; 0000 0075 
                 ; 0000 0076 // Port D initialization
                 ; 0000 0077 // Function: Bit7=In Bit6=In Bit5=In Bit4=In Bit3=In Bit2=In Bit1=In Bit0=In
                 ; 0000 0078 DDRD=(0<<DDD7) | (0<<DDD6) | (0<<DDD5) | (0<<DDD4) | (0<<DDD3) | (0<<DDD2) | (0<<DDD1) | (0<<DDD0);
0000c8 bbe1      	OUT  0x11,R30
                 ; 0000 0079 // State: Bit7=T Bit6=T Bit5=T Bit4=T Bit3=T Bit2=T Bit1=T Bit0=T
                 ; 0000 007A PORTD=(0<<PORTD7) | (0<<PORTD6) | (0<<PORTD5) | (0<<PORTD4) | (0<<PORTD3) | (0<<PORTD2) | (0<<PORTD1) | (0<<PORTD0);
0000c9 bbe2      	OUT  0x12,R30
                 ; 0000 007B 
                 ; 0000 007C // Timer/Counter 0 initialization
                 ; 0000 007D // Clock source: System Clock
                 ; 0000 007E // Clock value: Timer 0 Stopped
                 ; 0000 007F // Mode: Normal top=0xFF
                 ; 0000 0080 // OC0 output: Disconnected
                 ; 0000 0081 TCCR0=(0<<WGM00) | (0<<COM01) | (0<<COM00) | (0<<WGM01) | (0<<CS02) | (0<<CS01) | (0<<CS00);
0000ca bfe3      	OUT  0x33,R30
                 ; 0000 0082 TCNT0=0x00;
0000cb bfe2      	OUT  0x32,R30
                 ; 0000 0083 OCR0=0x00;
0000cc bfec      	OUT  0x3C,R30
                 ; 0000 0084 
                 ; 0000 0085 // Timer/Counter 1 initialization
                 ; 0000 0086 // Clock source: System Clock
                 ; 0000 0087 // Clock value: Timer1 Stopped
                 ; 0000 0088 // Mode: Normal top=0xFFFF
                 ; 0000 0089 // OC1A output: Disconnected
                 ; 0000 008A // OC1B output: Disconnected
                 ; 0000 008B // Noise Canceler: Off
                 ; 0000 008C // Input Capture on Falling Edge
                 ; 0000 008D // Timer1 Overflow Interrupt: Off
                 ; 0000 008E // Input Capture Interrupt: Off
                 ; 0000 008F // Compare A Match Interrupt: Off
                 ; 0000 0090 // Compare B Match Interrupt: Off
                 ; 0000 0091 TCCR1A=(0<<COM1A1) | (0<<COM1A0) | (0<<COM1B1) | (0<<COM1B0) | (0<<WGM11) | (0<<WGM10);
0000cd bdef      	OUT  0x2F,R30
                 ; 0000 0092 TCCR1B=(0<<ICNC1) | (0<<ICES1) | (0<<WGM13) | (0<<WGM12) | (0<<CS12) | (0<<CS11) | (0<<CS10);
0000ce bdee      	OUT  0x2E,R30
                 ; 0000 0093 TCNT1H=0x00;
0000cf bded      	OUT  0x2D,R30
                 ; 0000 0094 TCNT1L=0x00;
0000d0 bdec      	OUT  0x2C,R30
                 ; 0000 0095 ICR1H=0x00;
0000d1 bde7      	OUT  0x27,R30
                 ; 0000 0096 ICR1L=0x00;
0000d2 bde6      	OUT  0x26,R30
                 ; 0000 0097 OCR1AH=0x00;
0000d3 bdeb      	OUT  0x2B,R30
                 ; 0000 0098 OCR1AL=0x00;
0000d4 bdea      	OUT  0x2A,R30
                 ; 0000 0099 OCR1BH=0x00;
0000d5 bde9      	OUT  0x29,R30
                 ; 0000 009A OCR1BL=0x00;
0000d6 bde8      	OUT  0x28,R30
                 ; 0000 009B 
                 ; 0000 009C // Timer/Counter 2 initialization
                 ; 0000 009D // Clock source: System Clock
                 ; 0000 009E // Clock value: Timer2 Stopped
                 ; 0000 009F // Mode: Normal top=0xFF
                 ; 0000 00A0 // OC2 output: Disconnected
                 ; 0000 00A1 ASSR=0<<AS2;
0000d7 bde2      	OUT  0x22,R30
                 ; 0000 00A2 TCCR2=(0<<PWM2) | (0<<COM21) | (0<<COM20) | (0<<CTC2) | (0<<CS22) | (0<<CS21) | (0<<CS20);
0000d8 bde5      	OUT  0x25,R30
                 ; 0000 00A3 TCNT2=0x00;
0000d9 bde4      	OUT  0x24,R30
                 ; 0000 00A4 OCR2=0x00;
0000da bde3      	OUT  0x23,R30
                 ; 0000 00A5 
                 ; 0000 00A6 // Timer(s)/Counter(s) Interrupt(s) initialization
                 ; 0000 00A7 TIMSK=(0<<OCIE2) | (0<<TOIE2) | (0<<TICIE1) | (0<<OCIE1A) | (0<<OCIE1B) | (0<<TOIE1) | (0<<OCIE0) | (0<<TOIE0);
0000db bfe9      	OUT  0x39,R30
                 ; 0000 00A8 
                 ; 0000 00A9 // External Interrupt(s) initialization
                 ; 0000 00AA // INT0: On
                 ; 0000 00AB // INT0 Mode: Any change
                 ; 0000 00AC // INT1: Off
                 ; 0000 00AD // INT2: Off
                 ; 0000 00AE GICR|=(0<<INT1) | (1<<INT0) | (0<<INT2);
0000dc b7eb      	IN   R30,0x3B
0000dd 64e0      	ORI  R30,0x40
0000de bfeb      	OUT  0x3B,R30
                 ; 0000 00AF MCUCR=(0<<ISC11) | (0<<ISC10) | (0<<ISC01) | (1<<ISC00);
0000df e0e1      	LDI  R30,LOW(1)
0000e0 bfe5      	OUT  0x35,R30
                 ; 0000 00B0 MCUCSR=(0<<ISC2);
0000e1 e0e0      	LDI  R30,LOW(0)
0000e2 bfe4      	OUT  0x34,R30
                 ; 0000 00B1 GIFR=(0<<INTF1) | (1<<INTF0) | (0<<INTF2);
0000e3 e4e0      	LDI  R30,LOW(64)
0000e4 bfea      	OUT  0x3A,R30
                 ; 0000 00B2 
                 ; 0000 00B3 // USART initialization
                 ; 0000 00B4 // USART disabled
                 ; 0000 00B5 UCSRB=(0<<RXCIE) | (0<<TXCIE) | (0<<UDRIE) | (0<<RXEN) | (0<<TXEN) | (0<<UCSZ2) | (0<<RXB8) | (0<<TXB8);
0000e5 e0e0      	LDI  R30,LOW(0)
0000e6 b9ea      	OUT  0xA,R30
                 ; 0000 00B6 
                 ; 0000 00B7 // Analog Comparator initialization
                 ; 0000 00B8 // Analog Comparator: Off
                 ; 0000 00B9 // The Analog Comparator's positive input is
                 ; 0000 00BA // connected to the AIN0 pin
                 ; 0000 00BB // The Analog Comparator's negative input is
                 ; 0000 00BC // connected to the AIN1 pin
                 ; 0000 00BD ACSR=(1<<ACD) | (0<<ACBG) | (0<<ACO) | (0<<ACI) | (0<<ACIE) | (0<<ACIC) | (0<<ACIS1) | (0<<ACIS0);
0000e7 e8e0      	LDI  R30,LOW(128)
0000e8 b9e8      	OUT  0x8,R30
                 ; 0000 00BE SFIOR=(0<<ACME);
0000e9 e0e0      	LDI  R30,LOW(0)
0000ea bfe0      	OUT  0x30,R30
                 ; 0000 00BF 
                 ; 0000 00C0 // ADC initialization
                 ; 0000 00C1 // ADC disabled
                 ; 0000 00C2 ADCSRA=(0<<ADEN) | (0<<ADSC) | (0<<ADATE) | (0<<ADIF) | (0<<ADIE) | (0<<ADPS2) | (0<<ADPS1) | (0<<ADPS0);
0000eb b9e6      	OUT  0x6,R30
                 ; 0000 00C3 
                 ; 0000 00C4 // SPI initialization
                 ; 0000 00C5 // SPI disabled
                 ; 0000 00C6 SPCR=(0<<SPIE) | (0<<SPE) | (0<<DORD) | (0<<MSTR) | (0<<CPOL) | (0<<CPHA) | (0<<SPR1) | (0<<SPR0);
0000ec b9ed      	OUT  0xD,R30
                 ; 0000 00C7 
                 ; 0000 00C8 // TWI initialization
                 ; 0000 00C9 // TWI disabled
                 ; 0000 00CA TWCR=(0<<TWEA) | (0<<TWSTA) | (0<<TWSTO) | (0<<TWEN) | (0<<TWIE);
0000ed bfe6      	OUT  0x36,R30
                 ; 0000 00CB 
                 ; 0000 00CC // Alphanumeric LCD initialization
                 ; 0000 00CD // Connections are specified in the
                 ; 0000 00CE // Project|Configure|C Compiler|Libraries|Alphanumeric LCD menu:
                 ; 0000 00CF // RS - PORTA Bit 0
                 ; 0000 00D0 // RD - PORTA Bit 1
                 ; 0000 00D1 // EN - PORTA Bit 2
                 ; 0000 00D2 // D4 - PORTA Bit 4
                 ; 0000 00D3 // D5 - PORTA Bit 5
                 ; 0000 00D4 // D6 - PORTA Bit 6
                 ; 0000 00D5 // D7 - PORTA Bit 7
                 ; 0000 00D6 // Characters/line: 16
                 ; 0000 00D7 lcd_init(16);
0000ee e1a0      	LDI  R26,LOW(16)
0000ef 940e 017d 	CALL _lcd_init
                 ; 0000 00D8 
                 ; 0000 00D9 // Global enable interrupts
                 ; 0000 00DA #asm("sei")
0000f1 9478      	sei
                 ; 0000 00DB DDRB.0=1;
0000f2 9ab8      	SBI  0x17,0
                 ; 0000 00DC PORTB.0=0;
0000f3 98c0      	CBI  0x18,0
                 ; 0000 00DD 
                 ; 0000 00DE 
                 ; 0000 00DF DDRC.0=0;
0000f4 98a0      	CBI  0x14,0
                 ; 0000 00E0 DDRC.1=0;
0000f5 98a1      	CBI  0x14,1
                 ; 0000 00E1 DDRC.2=0;
0000f6 98a2      	CBI  0x14,2
                 ; 0000 00E2 PORTC.0=1;
0000f7 9aa8      	SBI  0x15,0
                 ; 0000 00E3 PORTC.1=1;
0000f8 9aa9      	SBI  0x15,1
                 ; 0000 00E4 PORTC.2=1;
0000f9 9aaa      	SBI  0x15,2
                 ; 0000 00E5 while (1)
                 _0x22:
                 ; 0000 00E6       {
                 ; 0000 00E7       delay_ms(50);
0000fa e3a2      	LDI  R26,LOW(50)
0000fb e0b0      	LDI  R27,0
0000fc 940e 01b9 	CALL _delay_ms
                 ; 0000 00E8 
                 ; 0000 00E9       if(PINC.0==0){
0000fe 9998      	SBIC 0x13,0
0000ff c00d      	RJMP _0x25
                 ; 0000 00EA 
                 ; 0000 00EB             myArray[counter]='0';
000100 e6a4      	LDI  R26,LOW(_myArray)
000101 e0b1      	LDI  R27,HIGH(_myArray)
000102 0da6      	ADD  R26,R6
000103 1db7      	ADC  R27,R7
000104 e3e0      	LDI  R30,LOW(48)
000105 93ec      	ST   X,R30
                 ; 0000 00EC             counter++;
000106 01f3      	MOVW R30,R6
000107 9631      	ADIW R30,1
000108 013f      	MOVW R6,R30
                 ; 0000 00ED             lcd_puts("0");
                +
000109 e6a0     +LDI R26 , LOW ( _0x26 + ( 0 ) )
00010a e0b1     +LDI R27 , HIGH ( _0x26 + ( 0 ) )
                 	__POINTW2MN _0x26,0
00010b 940e 016c 	CALL _lcd_puts
                 ; 0000 00EE 
                 ; 0000 00EF 
                 ; 0000 00F0       }
                 ; 0000 00F1 
                 ; 0000 00F2 
                 ; 0000 00F3         if(PINC.1==0){
                 _0x25:
00010d 9999      	SBIC 0x13,1
00010e c00d      	RJMP _0x27
                 ; 0000 00F4 
                 ; 0000 00F5             myArray[counter]='1';
00010f e6a4      	LDI  R26,LOW(_myArray)
000110 e0b1      	LDI  R27,HIGH(_myArray)
000111 0da6      	ADD  R26,R6
000112 1db7      	ADC  R27,R7
000113 e3e1      	LDI  R30,LOW(49)
000114 93ec      	ST   X,R30
                 ; 0000 00F6             counter++;
000115 01f3      	MOVW R30,R6
000116 9631      	ADIW R30,1
000117 013f      	MOVW R6,R30
                 ; 0000 00F7             lcd_puts("1");
                +
000118 e6a2     +LDI R26 , LOW ( _0x26 + ( 2 ) )
000119 e0b1     +LDI R27 , HIGH ( _0x26 + ( 2 ) )
                 	__POINTW2MN _0x26,2
00011a 940e 016c 	CALL _lcd_puts
                 ; 0000 00F8 
                 ; 0000 00F9 
                 ; 0000 00FA         }
                 ; 0000 00FB 
                 ; 0000 00FC 
                 ; 0000 00FD 
                 ; 0000 00FE 
                 ; 0000 00FF 
                 ; 0000 0100 
                 ; 0000 0101 
                 ; 0000 0102 
                 ; 0000 0103 
                 ; 0000 0104 
                 ; 0000 0105 
                 ; 0000 0106       /////////////////////////
                 ; 0000 0107 
                 ; 0000 0108 
                 ; 0000 0109       }
                 _0x27:
00011c cfdd      	RJMP _0x22
                 ; 0000 010A }
                 _0x28:
00011d cfff      	RJMP _0x28
                 ; .FEND
                 
                 	.DSEG
                 _0x26:
000160           	.BYTE 0x4
                 
                 	.CSEG
                 
                 	.DSEG
                 
                 	.CSEG
                 	#ifndef __SLEEP_DEFINED__
                 	#endif
                 
                 	.CSEG
                 	#ifndef __SLEEP_DEFINED__
                 	#endif
                 
                 	.DSEG
                 
                 	.CSEG
                 __lcd_write_nibble_G102:
                 ; .FSTART __lcd_write_nibble_G102
00011e 93aa      	ST   -Y,R26
00011f b3eb      	IN   R30,0x1B
000120 70ef      	ANDI R30,LOW(0xF)
000121 2fae      	MOV  R26,R30
000122 81e8      	LD   R30,Y
000123 7fe0      	ANDI R30,LOW(0xF0)
000124 2bea      	OR   R30,R26
000125 bbeb      	OUT  0x1B,R30
                +
000126 e08d     +LDI R24 , LOW ( 13 )
                +__DELAY_USB_LOOP :
000127 958a     +DEC R24
000128 f7f1     +BRNE __DELAY_USB_LOOP
                 	__DELAY_USB 13
000129 9ada      	SBI  0x1B,2
                +
00012a e08d     +LDI R24 , LOW ( 13 )
                +__DELAY_USB_LOOP :
00012b 958a     +DEC R24
00012c f7f1     +BRNE __DELAY_USB_LOOP
                 	__DELAY_USB 13
00012d 98da      	CBI  0x1B,2
                +
00012e e08d     +LDI R24 , LOW ( 13 )
                +__DELAY_USB_LOOP :
00012f 958a     +DEC R24
000130 f7f1     +BRNE __DELAY_USB_LOOP
                 	__DELAY_USB 13
000131 c077      	RJMP _0x20C0001
                 ; .FEND
                 __lcd_write_data:
                 ; .FSTART __lcd_write_data
000132 93aa      	ST   -Y,R26
000133 81a8      	LD   R26,Y
000134 dfe9      	RCALL __lcd_write_nibble_G102
000135 81e8          ld    r30,y
000136 95e2          swap  r30
000137 83e8          st    y,r30
000138 81a8      	LD   R26,Y
000139 dfe4      	RCALL __lcd_write_nibble_G102
                +
00013a e885     +LDI R24 , LOW ( 133 )
                +__DELAY_USB_LOOP :
00013b 958a     +DEC R24
00013c f7f1     +BRNE __DELAY_USB_LOOP
                 	__DELAY_USB 133
00013d c06b      	RJMP _0x20C0001
                 ; .FEND
                 _lcd_gotoxy:
                 ; .FSTART _lcd_gotoxy
00013e 93aa      	ST   -Y,R26
00013f 81e8      	LD   R30,Y
000140 e0f0      	LDI  R31,0
000141 59e7      	SUBI R30,LOW(-__base_y_G102)
000142 4ffe      	SBCI R31,HIGH(-__base_y_G102)
000143 81e0      	LD   R30,Z
000144 81a9      	LDD  R26,Y+1
000145 0fae      	ADD  R26,R30
000146 dfeb      	RCALL __lcd_write_data
000147 8099      	LDD  R9,Y+1
000148 8088      	LDD  R8,Y+0
000149 9622      	ADIW R28,2
00014a 9508      	RET
                 ; .FEND
                 _lcd_clear:
                 ; .FSTART _lcd_clear
00014b e0a2      	LDI  R26,LOW(2)
00014c 940e 01ab 	CALL SUBOPT_0x0
00014e e0ac      	LDI  R26,LOW(12)
00014f dfe2      	RCALL __lcd_write_data
000150 e0a1      	LDI  R26,LOW(1)
000151 940e 01ab 	CALL SUBOPT_0x0
000153 e0e0      	LDI  R30,LOW(0)
000154 2e8e      	MOV  R8,R30
000155 2e9e      	MOV  R9,R30
000156 9508      	RET
                 ; .FEND
                 _lcd_putchar:
                 ; .FSTART _lcd_putchar
000157 93aa      	ST   -Y,R26
000158 81a8      	LD   R26,Y
000159 30aa      	CPI  R26,LOW(0xA)
00015a f011      	BREQ _0x2040005
00015b 149b      	CP   R9,R11
00015c f048      	BRLO _0x2040004
                 _0x2040005:
00015d e0e0      	LDI  R30,LOW(0)
00015e 93ea      	ST   -Y,R30
00015f 9483      	INC  R8
000160 2da8      	MOV  R26,R8
000161 dfdc      	RCALL _lcd_gotoxy
000162 81a8      	LD   R26,Y
000163 30aa      	CPI  R26,LOW(0xA)
000164 f409      	BRNE _0x2040007
000165 c043      	RJMP _0x20C0001
                 _0x2040007:
                 _0x2040004:
000166 9493      	INC  R9
000167 9ad8      	SBI  0x1B,0
000168 81a8      	LD   R26,Y
000169 dfc8      	RCALL __lcd_write_data
00016a 98d8      	CBI  0x1B,0
00016b c03d      	RJMP _0x20C0001
                 ; .FEND
                 _lcd_puts:
                 ; .FSTART _lcd_puts
00016c 93ba      	ST   -Y,R27
00016d 93aa      	ST   -Y,R26
00016e 931a      	ST   -Y,R17
                 _0x2040008:
00016f 81a9      	LDD  R26,Y+1
000170 81ba      	LDD  R27,Y+1+1
000171 91ed      	LD   R30,X+
000172 83a9      	STD  Y+1,R26
000173 83ba      	STD  Y+1+1,R27
000174 2f1e      	MOV  R17,R30
000175 30e0      	CPI  R30,0
000176 f019      	BREQ _0x204000A
000177 2fa1      	MOV  R26,R17
000178 dfde      	RCALL _lcd_putchar
000179 cff5      	RJMP _0x2040008
                 _0x204000A:
00017a 8118      	LDD  R17,Y+0
00017b 9623      	ADIW R28,3
00017c 9508      	RET
                 ; .FEND
                 _lcd_init:
                 ; .FSTART _lcd_init
00017d 93aa      	ST   -Y,R26
00017e b3ea      	IN   R30,0x1A
00017f 6fe0      	ORI  R30,LOW(0xF0)
000180 bbea      	OUT  0x1A,R30
000181 9ad2      	SBI  0x1A,2
000182 9ad0      	SBI  0x1A,0
000183 9ad1      	SBI  0x1A,1
000184 98da      	CBI  0x1B,2
000185 98d8      	CBI  0x1B,0
000186 98d9      	CBI  0x1B,1
000187 80b8      	LDD  R11,Y+0
000188 81e8      	LD   R30,Y
000189 58e0      	SUBI R30,-LOW(128)
                +
00018a 93e0 016b+STS __base_y_G102 + ( 2 ) , R30
                 	__PUTB1MN __base_y_G102,2
00018c 81e8      	LD   R30,Y
00018d 54e0      	SUBI R30,-LOW(192)
                +
00018e 93e0 016c+STS __base_y_G102 + ( 3 ) , R30
                 	__PUTB1MN __base_y_G102,3
000190 e1a4      	LDI  R26,LOW(20)
000191 e0b0      	LDI  R27,0
000192 940e 01b9 	CALL _delay_ms
000194 940e 01b1 	CALL SUBOPT_0x1
000196 940e 01b1 	CALL SUBOPT_0x1
000198 940e 01b1 	CALL SUBOPT_0x1
00019a e2a0      	LDI  R26,LOW(32)
00019b df82      	RCALL __lcd_write_nibble_G102
                +
00019c ec88     +LDI R24 , LOW ( 200 )
00019d e090     +LDI R25 , HIGH ( 200 )
                +__DELAY_USW_LOOP :
00019e 9701     +SBIW R24 , 1
00019f f7f1     +BRNE __DELAY_USW_LOOP
                 	__DELAY_USW 200
0001a0 e2a8      	LDI  R26,LOW(40)
0001a1 df90      	RCALL __lcd_write_data
0001a2 e0a4      	LDI  R26,LOW(4)
0001a3 df8e      	RCALL __lcd_write_data
0001a4 e8a5      	LDI  R26,LOW(133)
0001a5 df8c      	RCALL __lcd_write_data
0001a6 e0a6      	LDI  R26,LOW(6)
0001a7 df8a      	RCALL __lcd_write_data
0001a8 dfa2      	RCALL _lcd_clear
                 _0x20C0001:
0001a9 9621      	ADIW R28,1
0001aa 9508      	RET
                 ; .FEND
                 
                 	.CSEG
                 
                 	.CSEG
                 
                 	.CSEG
                 
                 	.DSEG
                 _myArray:
000164           	.BYTE 0x1
                 __seed_G100:
000165           	.BYTE 0x4
                 __base_y_G102:
000169           	.BYTE 0x4
                 
                 	.CSEG
                 ;OPTIMIZER ADDED SUBROUTINE, CALLED 2 TIMES, CODE SIZE REDUCTION:1 WORDS
                 SUBOPT_0x0:
0001ab 940e 0132 	CALL __lcd_write_data
0001ad e0a3      	LDI  R26,LOW(3)
0001ae e0b0      	LDI  R27,0
0001af 940c 01b9 	JMP  _delay_ms
                 
                 ;OPTIMIZER ADDED SUBROUTINE, CALLED 3 TIMES, CODE SIZE REDUCTION:7 WORDS
                 SUBOPT_0x1:
0001b1 e3a0      	LDI  R26,LOW(48)
0001b2 940e 011e 	CALL __lcd_write_nibble_G102
                +
0001b4 ec88     +LDI R24 , LOW ( 200 )
0001b5 e090     +LDI R25 , HIGH ( 200 )
                +__DELAY_USW_LOOP :
0001b6 9701     +SBIW R24 , 1
0001b7 f7f1     +BRNE __DELAY_USW_LOOP
                 	__DELAY_USW 200
0001b8 9508      	RET
                 
                 
                 	.CSEG
                 _delay_ms:
0001b9 9610      	adiw r26,0
0001ba f039      	breq __delay_ms1
                 __delay_ms0:
                +
0001bb ed80     +LDI R24 , LOW ( 0x7D0 )
0001bc e097     +LDI R25 , HIGH ( 0x7D0 )
                +__DELAY_USW_LOOP :
0001bd 9701     +SBIW R24 , 1
0001be f7f1     +BRNE __DELAY_USW_LOOP
                 	__DELAY_USW 0x7D0
0001bf 95a8      	wdr
0001c0 9711      	sbiw r26,1
0001c1 f7c9      	brne __delay_ms0
                 __delay_ms1:
0001c2 9508      	ret
                 
                 ;END OF CODE MARKER
                 __END_OF_CODE:


RESOURCE USE INFORMATION
------------------------

Notice:
The register and instruction counts are symbol table hit counts,
and hence implicitly used resources are not counted, eg, the
'lpm' instruction without operands implicitly uses r0 and z,
none of which are counted.

x,y,z are separate entities in the symbol table and are
counted separately from r26..r31 here.

.dseg memory usage only counts static data declared with .byte

ATmega16 register use summary:
r0 :   6 r1 :   3 r2 :   0 r3 :   0 r4 :   6 r5 :   4 r6 :   7 r7 :   3 
r8 :   4 r9 :   4 r10:   0 r11:   2 r12:   0 r13:   0 r14:   0 r15:   2 
r16:   0 r17:   4 r18:   0 r19:   0 r20:   0 r21:   0 r22:   4 r23:   2 
r24:  23 r25:   7 r26:  59 r27:  23 r28:   4 r29:   1 r30: 109 r31:   7 
x  :   8 y  :  53 z  :   8 
Registers used: 24 out of 35 (68.6%)

ATmega16 instruction use summary:
.lds  :   0 .lds.l:   0 .sts  :   0 .sts.l:   0 adc   :   4 add   :   5 
adiw  :   7 and   :   0 andi  :   2 asr   :   0 bclr  :   0 bld   :   0 
brbc  :   0 brbs  :   0 brcc  :   0 brcs  :   0 break :   0 breq  :   4 
brge  :   1 brhc  :   0 brhs  :   0 brid  :   0 brie  :   0 brlo  :   1 
brlt  :   0 brmi  :   0 brne  :  14 brpl  :   0 brsh  :   0 brtc  :   0 
brts  :   0 brvc  :   0 brvs  :   0 bset  :   0 bst   :   0 call  :  15 
cbi   :  10 cbr   :   0 clc   :   0 clh   :   0 cli   :   1 cln   :   0 
clr   :   4 cls   :   0 clt   :   0 clv   :   0 clz   :   0 com   :   0 
cp    :   2 cpc   :   1 cpi   :   5 cpse  :   0 dec   :   5 des   :   0 
eor   :   0 fmul  :   0 fmuls :   0 fmulsu:   0 icall :   0 ijmp  :   0 
in    :   4 inc   :   2 jmp   :  23 ld    :  26 ldd   :   7 ldi   :  69 
lds   :   0 lpm   :   7 lsl   :   0 lsr   :   0 mov   :   6 movw  :   9 
mul   :   0 muls  :   0 mulsu :   0 neg   :   0 nop   :   0 or    :   1 
ori   :   2 out   :  45 pop   :   0 push  :   0 rcall :  13 ret   :   6 
reti  :   1 rjmp  :  12 rol   :   0 ror   :   0 sbc   :   0 sbci  :   1 
sbi   :  11 sbic  :   2 sbis  :   0 sbiw  :   7 sbr   :   0 sbrc  :   0 
sbrs  :   0 sec   :   0 seh   :   0 sei   :   1 sen   :   0 ser   :   0 
ses   :   0 set   :   0 sev   :   0 sez   :   0 sleep :   0 spm   :   0 
st    :  27 std   :   2 sts   :   2 sub   :   0 subi  :   3 swap  :   1 
tst   :   0 wdr   :   1 
Instructions used: 43 out of 116 (37.1%)

ATmega16 memory use summary [bytes]:
Segment   Begin    End      Code   Data   Used    Size   Use%
---------------------------------------------------------------
[.cseg] 0x000000 0x000386    824     78    902   16384   5.5%
[.dseg] 0x000060 0x00016d      0     13     13    1024   1.3%
[.eseg] 0x000000 0x000000      0      0      0     512   0.0%

Assembly complete, 0 errors, 10 warnings
